<?xml version="1.0" encoding="UTF-8"?>
<!-- Generated by org.testng.reporters.JUnitReportReporter -->
<testsuite name="org.rest.Https_method" tests="1" time="3.364" ignored="0" failures="0" timestamp="26 May 2023 14:54:06 GMT" skipped="0" hostname="DESKTOP-662NI4B" errors="0">
  <testcase name="methodOne" time="3.364" classname="org.rest.Https_method"/>
</testsuite> <!-- org.rest.Https_method -->
